TN:
SF:src/controllers/UserController.ts
FN:8,UserController
FN:14,UserController.createUser
FN:25,UserController.getAllUsers
FNF:3
FNH:2
FNDA:1,UserController
FNDA:1,UserController.createUser
FNDA:0,UserController.getAllUsers
DA:1,1
DA:2,1
DA:3,1
DA:4,1
DA:5,1
DA:6,1
DA:7,1
DA:8,1
DA:9,1
DA:10,1
DA:11,1
DA:12,1
DA:13,1
DA:14,1
DA:15,1
DA:16,1
DA:17,1
DA:18,0
DA:19,0
DA:20,1
DA:21,1
DA:22,1
DA:23,1
DA:24,1
DA:25,1
DA:26,0
DA:27,0
DA:28,0
DA:29,1
LF:29
LH:24
BRDA:8,0,0,1
BRDA:14,1,0,1
BRDA:17,2,0,0
BRF:3
BRH:2
end_of_record
TN:
SF:src/service/UserService.ts
FN:20,UserService
FN:24,UserService.createUser
FN:35,UserService.getAllUser
FNF:3
FNH:2
FNDA:1,UserService
FNDA:1,UserService.createUser
FNDA:0,UserService.getAllUser
DA:1,1
DA:2,1
DA:3,1
DA:4,1
DA:5,1
DA:6,1
DA:7,1
DA:8,1
DA:9,1
DA:10,1
DA:11,1
DA:12,1
DA:13,1
DA:14,1
DA:15,1
DA:16,1
DA:17,1
DA:18,1
DA:19,1
DA:20,1
DA:21,1
DA:22,1
DA:23,1
DA:24,1
DA:25,1
DA:26,1
DA:27,1
DA:28,1
DA:29,1
DA:30,1
DA:31,1
DA:32,1
DA:33,1
DA:34,1
DA:35,1
DA:36,0
DA:37,0
DA:38,1
LF:38
LH:36
BRDA:20,0,0,1
BRDA:24,1,0,1
BRF:2
BRH:2
end_of_record
