TN:
SF:src/database/index.ts
FNF:0
FNH:0
DA:1,1
DA:2,1
DA:3,1
DA:4,1
DA:5,1
DA:6,1
DA:7,1
DA:8,1
DA:9,1
DA:10,1
DA:11,1
DA:12,1
DA:13,0
DA:14,0
DA:15,1
DA:16,0
DA:17,0
LF:17
LH:13
BRF:0
BRH:0
end_of_record
TN:
SF:src/entites/User.ts
FN:18,User
FNF:1
FNH:1
FNDA:1,User
DA:1,1
DA:2,1
DA:3,1
DA:4,1
DA:5,1
DA:6,1
DA:7,1
DA:8,1
DA:9,1
DA:10,1
DA:11,1
DA:12,1
DA:13,1
DA:14,1
DA:15,1
DA:16,1
DA:17,1
DA:18,1
DA:19,1
DA:20,1
DA:21,1
DA:22,1
DA:23,1
DA:24,1
DA:25,1
DA:26,1
DA:27,1
DA:28,1
LF:28
LH:28
BRDA:18,0,0,1
BRF:1
BRH:1
end_of_record
TN:
SF:src/repositories/UserRepository.ts
FN:6,UserRepository
FN:12,UserRepository.createUser
FN:16,UserRepository.getUser
FNF:3
FNH:2
FNDA:1,UserRepository
FNDA:1,UserRepository.createUser
FNDA:0,UserRepository.getUser
DA:1,1
DA:2,1
DA:3,1
DA:4,1
DA:5,1
DA:6,1
DA:7,1
DA:8,1
DA:9,1
DA:10,1
DA:11,1
DA:12,1
DA:13,1
DA:14,1
DA:15,1
DA:16,1
DA:17,0
DA:18,0
DA:19,0
DA:20,0
DA:21,0
DA:22,0
DA:23,1
LF:23
LH:17
BRDA:6,0,0,1
BRDA:12,1,0,1
BRDA:12,2,0,1
BRF:3
BRH:3
end_of_record
TN:
SF:src/service/UserService.ts
FN:8,UserService
FN:14,UserService.createUser
FN:19,UserService.getUser
FNF:3
FNH:2
FNDA:1,UserService
FNDA:1,UserService.createUser
FNDA:0,UserService.getUser
DA:1,1
DA:2,1
DA:3,1
DA:4,1
DA:5,1
DA:6,1
DA:7,1
DA:8,1
DA:9,1
DA:10,1
DA:11,1
DA:12,1
DA:13,1
DA:14,1
DA:15,1
DA:16,1
DA:17,1
DA:18,1
DA:19,1
DA:20,0
DA:21,0
DA:22,1
LF:22
LH:20
BRDA:8,0,0,1
BRDA:14,1,0,1
BRDA:14,2,0,1
BRF:3
BRH:3
end_of_record
